[2024-05-10 11:17:19] [info] Start Program:
Path:"C:\Programare orientata obiect\Lab10-11 exemplu\x64\Debug\Lab10-11 exemplu.exe"
Arguments:
Working directory: "C:\Programare orientata obiect\Lab10-11 exemplu\Lab10-11 exemplu\"
Modules: Selected: C:\Programare orientata obiect\Lab10-11 exemplu\x64\Debug\Lab10-11 exemplu.exe Excluded: 
Sources: Selected: C:\Programare orientata obiect\Lab10-11 exemplu\Lab10-11 exemplu Excluded: 
Log Level: Normal
Cover Children: 0
Aggregate by file: 1
Continue after C++ exception: 0
Optimized build support: 0
Export: Binary C:\Users\magui\AppData\Local\Temp\vicqtusj.2cl 
Input coverage: 
Unified diff: 
Excluded line regular expressions: 
Substitute pdb source paths: 

[2024-05-10 11:17:19] [info] Module: C:\Programare orientata obiect\Lab10-11 exemplu\x64\Debug\Lab10-11 exemplu.exe is selected because it matches selected pattern: C:\Programare orientata obiect\Lab10-11 exemplu\x64\Debug\Lab10-11 exemplu.exe
[2024-05-10 11:17:29] [info] ----------------------------------------------------
[2024-05-10 11:17:29] [info] Coverage binary generated in file: C:\Users\magui\AppData\Local\Temp\vicqtusj.2cl
[2024-05-10 11:17:29] [info] ----------------------------------------------------
