[2024-04-02 22:43:15] [info] Start Program:
Path:"C:\Programare orientata obiect\Lab6-7\x64\Debug\Lab6-7.exe"
Arguments:
Working directory: "C:\Programare orientata obiect\Lab6-7\Lab6-7\"
Modules: Selected: C:\Programare orientata obiect\Lab6-7\x64\Debug\Lab6-7.exe Excluded: 
Sources: Selected: C:\Programare orientata obiect\Lab6-7\Lab6-7 Excluded: 
Log Level: Normal
Cover Children: 0
Aggregate by file: 1
Continue after C++ exception: 0
Optimized build support: 0
Export: Binary C:\Users\magui\AppData\Local\Temp\gspuyzo2.neb 
Input coverage: 
Unified diff: 
Excluded line regular expressions: 
Substitute pdb source paths: 

[2024-04-02 22:43:15] [info] Module: C:\Programare orientata obiect\Lab6-7\x64\Debug\Lab6-7.exe is selected because it matches selected pattern: C:\Programare orientata obiect\Lab6-7\x64\Debug\Lab6-7.exe
[2024-04-02 22:43:17] [info] ----------------------------------------------------
[2024-04-02 22:43:17] [info] Coverage binary generated in file: C:\Users\magui\AppData\Local\Temp\gspuyzo2.neb
[2024-04-02 22:43:17] [info] ----------------------------------------------------
