[2024-05-15 08:12:15] [info] Start Program:
Path:"C:\Programare orientata obiect\Qt Laborator 10-11\x64\Debug\Qt Laborator 10-11.exe"
Arguments:
Working directory: "C:\Programare orientata obiect\Qt Laborator 10-11\Qt Laborator 10-11\"
Modules: Selected: C:\Programare orientata obiect\Qt Laborator 10-11\x64\Debug\Qt Laborator 10-11.exe Excluded: 
Sources: Selected: C:\Programare orientata obiect\Qt Laborator 10-11\Qt Laborator 10-11 Excluded: 
Log Level: Normal
Cover Children: 0
Aggregate by file: 1
Continue after C++ exception: 0
Optimized build support: 0
Export: Binary C:\Users\magui\AppData\Local\Temp\nvqxwnzt.1ip 
Input coverage: 
Unified diff: 
Excluded line regular expressions: 
Substitute pdb source paths: 

[2024-05-15 08:12:15] [info] Module: C:\Programare orientata obiect\Qt Laborator 10-11\x64\Debug\Qt Laborator 10-11.exe is selected because it matches selected pattern: C:\Programare orientata obiect\Qt Laborator 10-11\x64\Debug\Qt Laborator 10-11.exe
[2024-05-15 08:12:18] [info] ----------------------------------------------------
[2024-05-15 08:12:18] [info] Coverage binary generated in file: C:\Users\magui\AppData\Local\Temp\nvqxwnzt.1ip
[2024-05-15 08:12:18] [info] ----------------------------------------------------
