[2024-04-10 08:14:26] [info] Start Program:
Path:"C:\Structuri de date si algoritmi\Laborator 7\x64\Debug\Laborator 7.exe"
Arguments:
Working directory: "C:\Structuri de date si algoritmi\Laborator 7\Laborator 7\"
Modules: Selected: C:\Structuri de date si algoritmi\Laborator 7\x64\Debug\Laborator 7.exe Excluded: 
Sources: Selected: C:\Structuri de date si algoritmi\Laborator 7\Laborator 7 Excluded: 
Log Level: Normal
Cover Children: 0
Aggregate by file: 1
Continue after C++ exception: 0
Optimized build support: 0
Export: Binary C:\Users\magui\AppData\Local\Temp\pr4i0byn.zaz 
Input coverage: 
Unified diff: 
Excluded line regular expressions: 
Substitute pdb source paths: 

[2024-04-10 08:14:26] [info] Module: C:\Structuri de date si algoritmi\Laborator 7\x64\Debug\Laborator 7.exe is selected because it matches selected pattern: C:\Structuri de date si algoritmi\Laborator 7\x64\Debug\Laborator 7.exe
[2024-04-10 08:14:28] [info] ----------------------------------------------------
[2024-04-10 08:14:28] [info] Coverage binary generated in file: C:\Users\magui\AppData\Local\Temp\pr4i0byn.zaz
[2024-04-10 08:14:28] [info] ----------------------------------------------------
