[2024-06-07 15:11:51] [info] Start Program:
Path:"C:\Programare orientata obiect\PREGATIRE EXAMEN\Melodii1\x64\Debug\Melodii1.exe"
Arguments:
Working directory: "C:\Programare orientata obiect\PREGATIRE EXAMEN\Melodii1\Melodii1\"
Modules: Selected: C:\Programare orientata obiect\PREGATIRE EXAMEN\Melodii1\x64\Debug\Melodii1.exe Excluded: 
Sources: Selected: C:\Programare orientata obiect\PREGATIRE EXAMEN\Melodii1\Melodii1 Excluded: 
Log Level: Normal
Cover Children: 0
Aggregate by file: 1
Continue after C++ exception: 0
Optimized build support: 0
Export: Binary C:\Users\magui\AppData\Local\Temp\g1slmt2t.b4v 
Input coverage: 
Unified diff: 
Excluded line regular expressions: 
Substitute pdb source paths: 

[2024-06-07 15:11:51] [info] Module: C:\Programare orientata obiect\PREGATIRE EXAMEN\Melodii1\x64\Debug\Melodii1.exe is selected because it matches selected pattern: C:\Programare orientata obiect\PREGATIRE EXAMEN\Melodii1\x64\Debug\Melodii1.exe
[2024-06-07 15:11:53] [info] ----------------------------------------------------
[2024-06-07 15:11:53] [info] Coverage binary generated in file: C:\Users\magui\AppData\Local\Temp\g1slmt2t.b4v
[2024-06-07 15:11:53] [info] ----------------------------------------------------
