     1                                  bits 32
     2                                  global start        
     3                                  
     4                                  ; declararea functiilor externe folosite de program
     5                                  extern exit, printf, scanf
     6                                  import exit msvcrt.dll     
     7                                  import printf msvcrt.dll
     8                                  import scanf msvcrt.dll
     9                                  ;ex:11 Sa se citeasca de la tastatura un numar in baza 16 si sa se afiseze valoarea acelui numar in baza 10.
    10                                  ;Exemplu: Se citeste: 1D; se afiseaza: 29
    11                                  segment data use32 class=data
    12 00000000 00000000                    n dd 0                   ; Variable to store the input number
    13 00000004 4E756D6172756C2063-         message db "Numarul citit este n= %d", 0  
    13 0000000D 697469742065737465-
    13 00000016 206E3D20256400     
    14 0000001D 257800                      format_in db "%x", 0     ; Format specifier for scanf (hexadecimal input)
    15 00000020 446563696D616C2076-         format_out db "Decimal value: %d", 0 ; Format specifier for printf (decimal output)
    15 00000029 616C75653A20256400 
    16                                  
    17                                  segment code use32 class=code
    18                                      start:
    19                                  
    20                                      ; citim numarul hexazecimal de la tastatura
    21 00000000 8D05[00000000]              lea eax, [n]             ; adresa lui n nu valoarea
    22 00000006 50                          push eax                 
    23 00000007 68[1D000000]                push dword format_in
    24 0000000C FF15[00000000]              call [scanf]             
    25 00000012 83C408                      add esp, 4 * 2           ; curatam stiva de parametrii
    26                                  
    27                                      ; afisam rezultatul
    28 00000015 FF35[00000000]              push dword [n]           ; Valoare lui n
    29 0000001B 68[20000000]                push dword format_out
    30 00000020 FF15[00000000]              call [printf]            
    31 00000026 83C408                      add esp, 4 * 2           
    32                                  
    33                                      ; iesim din program
    34 00000029 6A00                        push dword 0             ; Exit code 0
    35 0000002B FF15[00000000]              call [exit]              ; Call exit to end the program
