[2024-03-20 08:11:07] [info] Start Program:
Path:"C:\Programare orientata obiect\Lab2_4\x64\Debug\Lab2_4.exe"
Arguments:
Working directory: "C:\Programare orientata obiect\Lab2_4\Lab2_4\"
Modules: Selected: C:\Programare orientata obiect\Lab2_4\x64\Debug\Lab2_4.exe Excluded: 
Sources: Selected: C:\Programare orientata obiect\Lab2_4\Lab2_4 Excluded: 
Log Level: Normal
Cover Children: 0
Aggregate by file: 1
Continue after C++ exception: 0
Optimized build support: 0
Export: Binary C:\Users\magui\AppData\Local\Temp\jywjbz3p.lrt 
Input coverage: 
Unified diff: 
Excluded line regular expressions: 
Substitute pdb source paths: 

[2024-03-20 08:11:07] [info] Module: C:\Programare orientata obiect\Lab2_4\x64\Debug\Lab2_4.exe is selected because it matches selected pattern: C:\Programare orientata obiect\Lab2_4\x64\Debug\Lab2_4.exe
[2024-03-20 08:11:09] [info] ----------------------------------------------------
[2024-03-20 08:11:09] [info] Coverage binary generated in file: C:\Users\magui\AppData\Local\Temp\jywjbz3p.lrt
[2024-03-20 08:11:09] [info] ----------------------------------------------------
