     1                                  bits 32 
     2                                  global start        
     3                                  
     4                                  extern exit  
     5                                  extern fopen
     6                                  extern fprintf
     7                                  extern fclose
     8                                  extern scanf
     9                                  import exit msvcrt.dll   
    10                                  import fclose msvcrt.dll
    11                                  import fprintf msvcrt.dll
    12                                  import fopen msvcrt.dll
    13                                  import scanf msvcrt.dll 
    14                                  
    15                                  segment data use32 class=data
    16 00000000 7700                        mod_acces db "w", 0
    17 00000002 257300                      format db "%s", 0
    18 00000005 6F75747075742E7478-         nume_fisier db "output.txt", 0
    18 0000000E 7400               
    19 00000010 <res 00000064>              text resb 100
    20 00000074 00000000                    descriptor_fisier dd 0
    21                                      
    22                                  segment code use32 class=code
    23                                      start:
    24                                          ; Deschiderea fisierului
    25 00000000 68[00000000]                    push dword mod_acces
    26 00000005 68[05000000]                    push dword nume_fisier
    27 0000000A FF15[00000000]                  call [fopen]
    28 00000010 83C408                          add esp, 4 * 2
    29 00000013 83F800                          cmp eax, 0
    30 00000016 7447                            je final ; eroare la deschiderea fisierului
    31 00000018 A3[74000000]                    mov [descriptor_fisier], eax
    32                                          
    33                                          ; Bucla de citire si scriere in fisier
    34                                      citire_scriere:
    35                                          ; Citim un cuvant de la tastatura
    36 0000001D 68[10000000]                    push dword text
    37 00000022 68[02000000]                    push dword format
    38 00000027 FF15[00000000]                  call [scanf]
    39 0000002D 83C408                          add esp, 4 * 2
    40                                          
    41                                          ; Testam daca cuvantul este diferit de "$"
    42 00000030 A1[10000000]                    mov eax, [text]
    43 00000035 833824                          cmp dword [eax], '$'
    44 00000038 7416                            je finalizare_bucla ; Daca am intalnit '$', iesim din bucla
    45                                          
    46                                          ; Scriem cuvantul in fisier
    47 0000003A 68[10000000]                    push dword text
    48 0000003F FF35[74000000]                  push dword [descriptor_fisier]
    49 00000045 FF15[00000000]                  call [fprintf]
    50 0000004B 83C408                          add esp, 4 * 2
    51                                          
    52 0000004E EBCD                            jmp citire_scriere
    53                                      
    54                                      finalizare_bucla:
    55                                          ; Inchidem fisierul
    56 00000050 FF35[74000000]                  push dword [descriptor_fisier]
    57 00000056 FF15[00000000]                  call [fclose]
    58 0000005C 83C404                          add esp, 4
    59                                      
    60                                      final:
    61 0000005F 6A00                            push dword 0      
    62 00000061 FF15[00000000]                  call [exit]
