     1                                  bits 32 
     2                                  
     3                                  global start        
     4                                  
     5                                  ; declare external functions needed by our program
     6                                  extern exit, fopen, fread, fclose, fprintf ,fscanf
     7                                  import exit msvcrt.dll  
     8                                  import fopen msvcrt.dll  
     9                                  import fread msvcrt.dll
    10                                  import fclose msvcrt.dll
    11                                  import fprintf msvcrt.dll
    12                                  import fscanf msvcrt.dll
    13                                  
    14                                  ; our data is declared here (the variables needed by our program)
    15                                  segment data use32 class=data
    16 00000000 696E74726172652E74-         nume_fisier db "intrare.txt", 0
    16 00000009 787400             
    17 0000000C 612B00                      mod_acces db "a+", 0
    18 0000000F 00000000                    descriptor_fisier dd 0
    19                                      
    20 00000013 01000000                    dimensiune dd 1
    21 00000017 64000000                    count dd 100
    22                                  
    23 0000001B <res 00000064>              sir resb 100
    24 0000007F 00000000                    lungime_sir dd 0
    25 00000083 01000000                    maxim dd 1
    26                                      
    27 00000087 256420202000                format_afisare db "%d   ", 0
    28 0000008D 256400                      format_citire db "%d",0
    29 00000090 0A000000                    zece dd 10
    30 00000094 00000000                    x dd 0
    31                                      
    32                                  ; our code starts here
    33                                  segment code use32 class=code
    34                                      start:
    35                                          ; FILE * fopen(const char* nume_fisier, const char * mod_acces)
    36 00000000 68[0C000000]                    push dword mod_acces
    37 00000005 68[00000000]                    push dword nume_fisier
    38 0000000A FF15[00000000]                  call [fopen]
    39 00000010 83C408                          add esp, 4 * 2
    40                                          
    41 00000013 83F800                          cmp eax, 0
    42 00000016 7451                            je finalizare_scriere
    43                                          
    44 00000018 A3[0F000000]                    mov [descriptor_fisier], eax
    45                                          
    46                                      citire:
    47 0000001D 68[94000000]                    push dword x
    48 00000022 68[8D000000]                    push dword format_citire
    49 00000027 FF35[0F000000]                  push dword[descriptor_fisier]
    50 0000002D FF15[00000000]                  call [fscanf]
    51 00000033 83C40C                          add esp,4*3
    52                                          
    53 00000036 83F801                          cmp eax,1
    54 00000039 7514                            jne afisareNumar
    55                                          
    56 0000003B A1[94000000]                    mov eax,dword[x]
    57 00000040 3905[83000000]                  cmp dword[maxim],eax
    58 00000046 7705                            ja peste
    59 00000048 A3[83000000]                    mov dword[maxim],eax
    60                                          
    61                                          peste:
    62 0000004D EBCE                            jmp citire
    63                                          
    64                                          afisareNumar:
    65 0000004F A1[83000000]                        mov eax,[maxim]
    66                                              
    67 00000054 50                                  push dword eax
    68 00000055 68[87000000]                        push dword format_afisare
    69 0000005A FF35[0F000000]                      push dword [descriptor_fisier]
    70 00000060 FF15[00000000]                      call [fprintf]
    71 00000066 83C40C                              add esp,4*3
    72                                          
    73                                          
    74                                          finalizare_scriere:
    75 00000069 FF35[0F000000]                  push dword[descriptor_fisier]
    76 0000006F FF15[00000000]                  call [fopen]
    77 00000075 83C404                          add esp,4
    78                                          
    79 00000078 6A00                            push dword 0
    80 0000007A FF15[00000000]                  call [exit]
    81                                          
    82                                       
    83                                          
    84                                          
    85                                          
    86                                          
    87                                          
    88                                          
    89                                          
    90                                          
