[2024-04-22 22:28:36] [info] Start Program:
Path:"C:\Programare orientata obiect\Lab 9\x64\Debug\Lab 9.exe"
Arguments:
Working directory: "C:\Programare orientata obiect\Lab 9\Lab 9\"
Modules: Selected: C:\Programare orientata obiect\Lab 9\x64\Debug\Lab 9.exe Excluded: 
Sources: Selected: C:\Programare orientata obiect\Lab 9\Lab 9 Excluded: 
Log Level: Normal
Cover Children: 0
Aggregate by file: 1
Continue after C++ exception: 0
Optimized build support: 0
Export: Binary C:\Users\magui\AppData\Local\Temp\ucya1vqb.imo 
Input coverage: 
Unified diff: 
Excluded line regular expressions: 
Substitute pdb source paths: 

[2024-04-22 22:28:36] [info] Module: C:\Programare orientata obiect\Lab 9\x64\Debug\Lab 9.exe is selected because it matches selected pattern: C:\Programare orientata obiect\Lab 9\x64\Debug\Lab 9.exe
[2024-04-22 22:28:38] [info] ----------------------------------------------------
[2024-04-22 22:28:38] [info] Coverage binary generated in file: C:\Users\magui\AppData\Local\Temp\llir4gu5.zl2
[2024-04-22 22:28:38] [info] ----------------------------------------------------
